<?xml version="1.0" encoding="UTF-8"?>
<testsuite xmlns:xsi="http://www.w3.org/2001/XMLSchema-instance" xsi:noNamespaceSchemaLocation="https://maven.apache.org/surefire/maven-surefire-plugin/xsd/surefire-test-report-3.0.xsd" version="3.0" name="ru.vlsu.lr3.ProjectDAOImplTest" time="0.655" tests="5" errors="0" skipped="0" failures="0">
  <properties>
    <property name="java.specification.version" value="17"/>
    <property name="sun.cpu.isalist" value="amd64"/>
    <property name="sun.jnu.encoding" value="Cp1251"/>
    <property name="java.class.path" value="E:\lr3\target\test-classes;E:\lr3\target\classes;C:\Users\Пользователь\.m2\repository\junit\junit\3.8.1\junit-3.8.1.jar;C:\Users\Пользователь\.m2\repository\org\openjfx\javafx-fxml\17.0.6\javafx-fxml-17.0.6.jar;C:\Users\Пользователь\.m2\repository\org\openjfx\javafx-fxml\17.0.6\javafx-fxml-17.0.6-win.jar;C:\Users\Пользователь\.m2\repository\org\openjfx\javafx-controls\17.0.6\javafx-controls-17.0.6.jar;C:\Users\Пользователь\.m2\repository\org\openjfx\javafx-controls\17.0.6\javafx-controls-17.0.6-win.jar;C:\Users\Пользователь\.m2\repository\org\openjfx\javafx-graphics\17.0.6\javafx-graphics-17.0.6.jar;C:\Users\Пользователь\.m2\repository\org\openjfx\javafx-graphics\17.0.6\javafx-graphics-17.0.6-win.jar;C:\Users\Пользователь\.m2\repository\org\openjfx\javafx-base\17.0.6\javafx-base-17.0.6.jar;C:\Users\Пользователь\.m2\repository\org\openjfx\javafx-base\17.0.6\javafx-base-17.0.6-win.jar;C:\Users\Пользователь\.m2\repository\org\postgresql\postgresql\42.2.23\postgresql-42.2.23.jar;C:\Users\Пользователь\.m2\repository\org\checkerframework\checker-qual\3.5.0\checker-qual-3.5.0.jar;C:\Users\Пользователь\.m2\repository\com\zaxxer\HikariCP\5.0.1\HikariCP-5.0.1.jar;C:\Users\Пользователь\.m2\repository\ch\qos\logback\logback-classic\1.2.11\logback-classic-1.2.11.jar;C:\Users\Пользователь\.m2\repository\ch\qos\logback\logback-core\1.2.11\logback-core-1.2.11.jar;C:\Users\Пользователь\.m2\repository\org\slf4j\slf4j-api\1.7.36\slf4j-api-1.7.36.jar;C:\Users\Пользователь\.m2\repository\org\junit\jupiter\junit-jupiter-api\5.9.2\junit-jupiter-api-5.9.2.jar;C:\Users\Пользователь\.m2\repository\org\opentest4j\opentest4j\1.2.0\opentest4j-1.2.0.jar;C:\Users\Пользователь\.m2\repository\org\junit\platform\junit-platform-commons\1.9.2\junit-platform-commons-1.9.2.jar;C:\Users\Пользователь\.m2\repository\org\apiguardian\apiguardian-api\1.1.2\apiguardian-api-1.1.2.jar;C:\Users\Пользователь\.m2\repository\org\junit\jupiter\junit-jupiter-engine\5.9.2\junit-jupiter-engine-5.9.2.jar;C:\Users\Пользователь\.m2\repository\org\junit\platform\junit-platform-engine\1.9.2\junit-platform-engine-1.9.2.jar;"/>
    <property name="java.vm.vendor" value="Oracle Corporation"/>
    <property name="sun.arch.data.model" value="64"/>
    <property name="user.variant" value=""/>
    <property name="java.vendor.url" value="https://java.oracle.com/"/>
    <property name="user.timezone" value="Europe/Moscow"/>
    <property name="os.name" value="Windows 10"/>
    <property name="java.vm.specification.version" value="17"/>
    <property name="sun.java.launcher" value="SUN_STANDARD"/>
    <property name="user.country" value="RU"/>
    <property name="sun.boot.library.path" value="C:\Java\jdk-17\bin"/>
    <property name="sun.java.command" value="C:\Users\Пользователь\AppData\Local\Temp\surefire10509907853701528923\surefirebooter-20241031143447469_3.jar C:\Users\Пользователь\AppData\Local\Temp\surefire10509907853701528923 2024-10-31T14-34-47_190-jvmRun1 surefire-20241031143447469_1tmp surefire_0-20241031143447469_2tmp"/>
    <property name="jdk.debug" value="release"/>
    <property name="surefire.test.class.path" value="E:\lr3\target\test-classes;E:\lr3\target\classes;C:\Users\Пользователь\.m2\repository\junit\junit\3.8.1\junit-3.8.1.jar;C:\Users\Пользователь\.m2\repository\org\openjfx\javafx-fxml\17.0.6\javafx-fxml-17.0.6.jar;C:\Users\Пользователь\.m2\repository\org\openjfx\javafx-fxml\17.0.6\javafx-fxml-17.0.6-win.jar;C:\Users\Пользователь\.m2\repository\org\openjfx\javafx-controls\17.0.6\javafx-controls-17.0.6.jar;C:\Users\Пользователь\.m2\repository\org\openjfx\javafx-controls\17.0.6\javafx-controls-17.0.6-win.jar;C:\Users\Пользователь\.m2\repository\org\openjfx\javafx-graphics\17.0.6\javafx-graphics-17.0.6.jar;C:\Users\Пользователь\.m2\repository\org\openjfx\javafx-graphics\17.0.6\javafx-graphics-17.0.6-win.jar;C:\Users\Пользователь\.m2\repository\org\openjfx\javafx-base\17.0.6\javafx-base-17.0.6.jar;C:\Users\Пользователь\.m2\repository\org\openjfx\javafx-base\17.0.6\javafx-base-17.0.6-win.jar;C:\Users\Пользователь\.m2\repository\org\postgresql\postgresql\42.2.23\postgresql-42.2.23.jar;C:\Users\Пользователь\.m2\repository\org\checkerframework\checker-qual\3.5.0\checker-qual-3.5.0.jar;C:\Users\Пользователь\.m2\repository\com\zaxxer\HikariCP\5.0.1\HikariCP-5.0.1.jar;C:\Users\Пользователь\.m2\repository\ch\qos\logback\logback-classic\1.2.11\logback-classic-1.2.11.jar;C:\Users\Пользователь\.m2\repository\ch\qos\logback\logback-core\1.2.11\logback-core-1.2.11.jar;C:\Users\Пользователь\.m2\repository\org\slf4j\slf4j-api\1.7.36\slf4j-api-1.7.36.jar;C:\Users\Пользователь\.m2\repository\org\junit\jupiter\junit-jupiter-api\5.9.2\junit-jupiter-api-5.9.2.jar;C:\Users\Пользователь\.m2\repository\org\opentest4j\opentest4j\1.2.0\opentest4j-1.2.0.jar;C:\Users\Пользователь\.m2\repository\org\junit\platform\junit-platform-commons\1.9.2\junit-platform-commons-1.9.2.jar;C:\Users\Пользователь\.m2\repository\org\apiguardian\apiguardian-api\1.1.2\apiguardian-api-1.1.2.jar;C:\Users\Пользователь\.m2\repository\org\junit\jupiter\junit-jupiter-engine\5.9.2\junit-jupiter-engine-5.9.2.jar;C:\Users\Пользователь\.m2\repository\org\junit\platform\junit-platform-engine\1.9.2\junit-platform-engine-1.9.2.jar;"/>
    <property name="sun.cpu.endian" value="little"/>
    <property name="user.home" value="C:\Users\Пользователь"/>
    <property name="user.language" value="ru"/>
    <property name="java.specification.vendor" value="Oracle Corporation"/>
    <property name="java.version.date" value="2021-09-14"/>
    <property name="java.home" value="C:\Java\jdk-17"/>
    <property name="file.separator" value="\"/>
    <property name="basedir" value="E:\lr3"/>
    <property name="java.vm.compressedOopsMode" value="Zero based"/>
    <property name="line.separator" value="&#10;"/>
    <property name="java.vm.specification.vendor" value="Oracle Corporation"/>
    <property name="java.specification.name" value="Java Platform API Specification"/>
    <property name="surefire.real.class.path" value="C:\Users\Пользователь\AppData\Local\Temp\surefire10509907853701528923\surefirebooter-20241031143447469_3.jar"/>
    <property name="user.script" value=""/>
    <property name="sun.management.compiler" value="HotSpot 64-Bit Tiered Compilers"/>
    <property name="java.runtime.version" value="17+35-LTS-2724"/>
    <property name="user.name" value="Sofia"/>
    <property name="path.separator" value=";"/>
    <property name="os.version" value="10.0"/>
    <property name="java.runtime.name" value="Java(TM) SE Runtime Environment"/>
    <property name="file.encoding" value="Cp1251"/>
    <property name="java.vm.name" value="Java HotSpot(TM) 64-Bit Server VM"/>
    <property name="localRepository" value="C:\Users\Пользователь\.m2\repository"/>
    <property name="java.vendor.url.bug" value="https://bugreport.java.com/bugreport/"/>
    <property name="java.io.tmpdir" value="C:\Users\73B5~1\AppData\Local\Temp\"/>
    <property name="com.zaxxer.hikari.pool_number" value="1"/>
    <property name="java.version" value="17"/>
    <property name="user.dir" value="E:\lr3"/>
    <property name="os.arch" value="amd64"/>
    <property name="java.vm.specification.name" value="Java Virtual Machine Specification"/>
    <property name="sun.os.patch.level" value=""/>
    <property name="native.encoding" value="Cp1251"/>
    <property name="java.library.path" value="C:\Java\jdk-17\bin;C:\Windows\Sun\Java\bin;C:\Windows\system32;C:\Windows;C:\Java\jdk-17\bin;C:\Program Files (x86)\Common Files\Oracle\Java\java8path;C:\Program Files (x86)\Common Files\Oracle\Java\javapath;C:\Program Files\Microsoft\jdk-11.0.16.101-hotspot\bin;C:\Windows\system32;C:\Windows;C:\Windows\System32\Wbem;C:\Windows\System32\WindowsPowerShell\v1.0\;C:\Windows\System32\OpenSSH\;C:\Program Files (x86)\NVIDIA Corporation\PhysX\Common;C:\Program Files\NVIDIA Corporation\NVIDIA NvDLISR;C:\Program Files\nodejs\;C:\Program Files\Microsoft SQL Server\130\Tools\Binn\;C:\Program Files\Microsoft SQL Server\150\Tools\Binn\;C:\Program Files\Microsoft SQL Server\Client SDK\ODBC\170\Tools\Binn\;C:\Program Files\Docker\Docker\resources\bin;C:\Program Files\Git\cmd;C:\Java\apache-maven-3.9.9\bin;C:\Program Files\dotnet\;C:\Users\Пользователь\AppData\Local\Programs\Python\Python39\Scripts\;C:\Users\Пользователь\AppData\Local\Programs\Python\Python39\;C:\Users\Пользователь\AppData\Local\Microsoft\WindowsApps;C:\Users\Пользователь\AppData\Roaming\npm;C:\Users\Пользователь\AppData\Local\Programs\Microsoft VS Code\bin;C:\Program Files\JetBrains\PyCharm Community Edition 2021.2.1\bin;;D:\Andr\tools;D:\Andr\emulator;C:\Users\Пользователь\.dotnet\tools;."/>
    <property name="java.vm.info" value="mixed mode, sharing"/>
    <property name="java.vendor" value="Oracle Corporation"/>
    <property name="java.vm.version" value="17+35-LTS-2724"/>
    <property name="sun.io.unicode.encoding" value="UnicodeLittle"/>
    <property name="java.class.version" value="61.0"/>
  </properties>
  <testcase name="testGetAllProject" classname="ru.vlsu.lr3.ProjectDAOImplTest" time="0.596">
    <system-out><![CDATA[14:34:48.570 [main] DEBUG com.zaxxer.hikari.HikariConfig - HikariPool-1 - configuration:
14:34:48.592 [main] DEBUG com.zaxxer.hikari.HikariConfig - allowPoolSuspension.............false
14:34:48.592 [main] DEBUG com.zaxxer.hikari.HikariConfig - autoCommit......................true
14:34:48.592 [main] DEBUG com.zaxxer.hikari.HikariConfig - catalog.........................none
14:34:48.592 [main] DEBUG com.zaxxer.hikari.HikariConfig - connectionInitSql...............none
14:34:48.593 [main] DEBUG com.zaxxer.hikari.HikariConfig - connectionTestQuery.............none
14:34:48.593 [main] DEBUG com.zaxxer.hikari.HikariConfig - connectionTimeout...............30000
14:34:48.593 [main] DEBUG com.zaxxer.hikari.HikariConfig - dataSource......................none
14:34:48.593 [main] DEBUG com.zaxxer.hikari.HikariConfig - dataSourceClassName.............none
14:34:48.593 [main] DEBUG com.zaxxer.hikari.HikariConfig - dataSourceJNDI..................none
14:34:48.594 [main] DEBUG com.zaxxer.hikari.HikariConfig - dataSourceProperties............{password=<masked>, prepStmtCacheSqlLimit=2048, cachePrepStmts=true, prepStmtCacheSize=250}
14:34:48.594 [main] DEBUG com.zaxxer.hikari.HikariConfig - driverClassName.................none
14:34:48.594 [main] DEBUG com.zaxxer.hikari.HikariConfig - exceptionOverrideClassName......none
14:34:48.595 [main] DEBUG com.zaxxer.hikari.HikariConfig - healthCheckProperties...........{}
14:34:48.595 [main] DEBUG com.zaxxer.hikari.HikariConfig - healthCheckRegistry.............none
14:34:48.595 [main] DEBUG com.zaxxer.hikari.HikariConfig - idleTimeout.....................600000
14:34:48.595 [main] DEBUG com.zaxxer.hikari.HikariConfig - initializationFailTimeout.......1
14:34:48.595 [main] DEBUG com.zaxxer.hikari.HikariConfig - isolateInternalQueries..........false
14:34:48.596 [main] DEBUG com.zaxxer.hikari.HikariConfig - jdbcUrl.........................jdbc:postgresql://localhost:5432/ad
14:34:48.596 [main] DEBUG com.zaxxer.hikari.HikariConfig - keepaliveTime...................0
14:34:48.596 [main] DEBUG com.zaxxer.hikari.HikariConfig - leakDetectionThreshold..........0
14:34:48.596 [main] DEBUG com.zaxxer.hikari.HikariConfig - maxLifetime.....................1800000
14:34:48.596 [main] DEBUG com.zaxxer.hikari.HikariConfig - maximumPoolSize.................10
14:34:48.596 [main] DEBUG com.zaxxer.hikari.HikariConfig - metricRegistry..................none
14:34:48.597 [main] DEBUG com.zaxxer.hikari.HikariConfig - metricsTrackerFactory...........none
14:34:48.597 [main] DEBUG com.zaxxer.hikari.HikariConfig - minimumIdle.....................10
14:34:48.597 [main] DEBUG com.zaxxer.hikari.HikariConfig - password........................<masked>
14:34:48.600 [main] DEBUG com.zaxxer.hikari.HikariConfig - poolName........................"HikariPool-1"
14:34:48.600 [main] DEBUG com.zaxxer.hikari.HikariConfig - readOnly........................false
14:34:48.601 [main] DEBUG com.zaxxer.hikari.HikariConfig - registerMbeans..................false
14:34:48.601 [main] DEBUG com.zaxxer.hikari.HikariConfig - scheduledExecutor...............none
14:34:48.601 [main] DEBUG com.zaxxer.hikari.HikariConfig - schema..........................none
14:34:48.601 [main] DEBUG com.zaxxer.hikari.HikariConfig - threadFactory...................internal
14:34:48.602 [main] DEBUG com.zaxxer.hikari.HikariConfig - transactionIsolation............default
14:34:48.602 [main] DEBUG com.zaxxer.hikari.HikariConfig - username........................"postgres"
14:34:48.602 [main] DEBUG com.zaxxer.hikari.HikariConfig - validationTimeout...............5000
14:34:48.604 [main] INFO com.zaxxer.hikari.HikariDataSource - HikariPool-1 - Starting...
14:34:48.616 [main] DEBUG com.zaxxer.hikari.util.DriverDataSource - Loaded driver with class name org.postgresql.Driver for jdbcUrl=jdbc:postgresql://localhost:5432/ad
14:34:49.014 [main] INFO com.zaxxer.hikari.pool.HikariPool - HikariPool-1 - Added connection org.postgresql.jdbc.PgConnection@2dc9b0f5
14:34:49.017 [main] INFO com.zaxxer.hikari.HikariDataSource - HikariPool-1 - Start completed.
Inserted Project ID: 53
]]></system-out>
  </testcase>
  <testcase name="testGetProject" classname="ru.vlsu.lr3.ProjectDAOImplTest" time="0.005">
    <system-out><![CDATA[Inserted Project ID: 54
]]></system-out>
  </testcase>
  <testcase name="testUpdateProject" classname="ru.vlsu.lr3.ProjectDAOImplTest" time="0.006">
    <system-out><![CDATA[Inserted Project ID: 55
]]></system-out>
  </testcase>
  <testcase name="testAddProject" classname="ru.vlsu.lr3.ProjectDAOImplTest" time="0.003">
    <system-out><![CDATA[Inserted Project ID: 56
]]></system-out>
  </testcase>
  <testcase name="testDeleteProject" classname="ru.vlsu.lr3.ProjectDAOImplTest" time="0.004">
    <system-out><![CDATA[Inserted Project ID: 57
]]></system-out>
  </testcase>
</testsuite>